2021-03-29 09:53:35,481:INFO: Image-based instance, boot_disk_copy disabled: skipping boot volume (import_workload_export_volumes:397)
2021-03-29 09:53:35,481:INFO: Waiting for lock /var/lock/v2v-source-volume-lock... (workload_common:36)
2021-03-29 09:53:39,997:INFO: Attaching volumes to source wrapper (workload_common:143)
2021-03-29 09:53:44,762:DEBUG: Released lock:  (workload_common:60)
2021-03-29 09:53:44,762:INFO: Exporting volumes from source conversion host... (import_workload_export_volumes:433)
2021-03-29 09:53:50,202:DEBUG: SSH forwarding command: ssh -o BatchMode=yes -o StrictHostKeyChecking=no -o ConnectTimeout=10 centos@172.16.30.42 -N -T (import_workload_transfer_volumes:351)
2021-03-29 09:53:50,205:INFO: Waiting for valid qemu-img info on all exports... (import_workload_transfer_volumes:356)
2021-03-29 09:53:50,205:INFO: All volume exports ready. (import_workload_transfer_volumes:372)
2021-03-29 09:53:50,205:INFO: Creating volumes on destination cloud (import_workload_transfer_volumes:404)
2021-03-29 09:53:50,205:INFO: Waiting for lock /var/lock/v2v-destination-volume-lock... (workload_common:36)
2021-03-29 09:53:59,554:INFO: Attaching volumes to destination wrapper (workload_common:143)
2021-03-29 09:54:03,632:DEBUG: Released lock:  (workload_common:60)
2021-03-29 09:54:03,632:INFO: Converting volumes... (import_workload_transfer_volumes:436)
2021-03-29 09:54:03,632:INFO: Waiting for lock /var/lock/v2v-destination-volume-lock... (workload_common:36)
2021-03-29 09:54:06,796:INFO: Detaching volumes from destination wrapper. (import_workload_transfer_volumes:518)
2021-03-29 09:54:09,534:DEBUG: Released lock:  (workload_common:60)
2021-03-29 09:54:09,535:INFO: Stopping export forwarding on source conversion host... (import_workload_transfer_volumes:378)
2021-03-29 09:54:09,535:DEBUG: (PID was 49008) (import_workload_transfer_volumes:379)
2021-03-29 09:54:09,535:INFO: Stopping forwarding from source conversion host... (import_workload_transfer_volumes:384)
2021-03-29 09:54:14,617:DEBUG: Stopped forwarding PID (57980).  (import_workload_transfer_volumes:392)
2021-03-29 09:54:14,618:INFO: Waiting for lock /var/lock/v2v-migration-lock... (workload_common:36)
2021-03-29 09:54:33,321:INFO: Currently used ports: [] (workload_common:239)
2021-03-29 09:54:33,321:INFO: Cleaning used ports: set() (workload_common:303)
2021-03-29 09:54:45,080:DEBUG: Released lock:  (workload_common:60)
2021-03-29 09:54:50,835:INFO: Stopping exports from source conversion host... (import_workload_src_cleanup:314)
2021-03-29 09:54:55,517:DEBUG: Unable to get remote NBD PID! Command '['ssh', '-o', 'BatchMode=yes', '-o', 'StrictHostKeyChecking=no', '-o', 'ConnectTimeout=10', '-i', '/root/os-migrate-data/conversion/ssh.key', 'centos@172.16.30.42', 'pgrep', '-f', "'5115b524-d361-483d-8b33-643fababce2e'"]' returned non-zero exit status 1. (import_workload_src_cleanup:325)
2021-03-29 09:54:55,518:INFO: Waiting for lock /var/lock/v2v-migration-lock... (workload_common:36)
2021-03-29 09:55:10,072:INFO: Currently used ports: [] (workload_common:239)
2021-03-29 09:55:10,072:INFO: Cleaning used ports: set() (workload_common:303)
2021-03-29 09:55:19,492:DEBUG: Released lock:  (workload_common:60)
2021-03-29 09:55:19,492:INFO: Waiting for lock /var/lock/v2v-source-volume-lock... (workload_common:36)
2021-03-29 09:55:24,165:INFO: Detaching volumes from the source conversion host. (import_workload_src_cleanup:339)
2021-03-29 09:55:29,171:DEBUG: Released lock:  (workload_common:60)
2021-03-29 09:55:29,171:INFO: Re-attaching volumes to source VM... (import_workload_src_cleanup:362)
2021-03-29 09:55:34,582:INFO: Waiting for lock /var/lock/v2v-destination-volume-lock... (workload_common:36)
2021-03-29 09:55:40,521:INFO: Detaching volumes from the destination conversion host. (import_workload_dst_failure_cleanup:185)
2021-03-29 09:55:46,243:DEBUG: Released lock:  (workload_common:60)
2021-03-29 09:55:46,243:INFO: Deleting migrated volumes from destination. (import_workload_dst_failure_cleanup:211)
2021-03-29 11:21:33,386:INFO: Image-based instance, boot_disk_copy disabled: skipping boot volume (import_workload_export_volumes:397)
2021-03-29 11:21:33,387:INFO: Waiting for lock /var/lock/v2v-source-volume-lock... (workload_common:36)
2021-03-29 11:21:37,868:INFO: Attaching volumes to source wrapper (workload_common:143)
2021-03-29 11:21:42,643:DEBUG: Released lock:  (workload_common:60)
2021-03-29 11:21:42,643:INFO: Exporting volumes from source conversion host... (import_workload_export_volumes:433)
2021-03-29 11:21:48,083:DEBUG: SSH forwarding command: ssh -o BatchMode=yes -o StrictHostKeyChecking=no -o ConnectTimeout=10 centos@172.16.30.42 -N -T (import_workload_transfer_volumes:351)
2021-03-29 11:21:48,086:INFO: Waiting for valid qemu-img info on all exports... (import_workload_transfer_volumes:356)
2021-03-29 11:21:48,086:INFO: All volume exports ready. (import_workload_transfer_volumes:372)
2021-03-29 11:21:48,086:INFO: Creating volumes on destination cloud (import_workload_transfer_volumes:404)
2021-03-29 11:21:48,086:INFO: Waiting for lock /var/lock/v2v-destination-volume-lock... (workload_common:36)
2021-03-29 11:21:55,911:INFO: Attaching volumes to destination wrapper (workload_common:143)
2021-03-29 11:22:00,095:DEBUG: Released lock:  (workload_common:60)
2021-03-29 11:22:00,095:INFO: Converting volumes... (import_workload_transfer_volumes:436)
2021-03-29 11:22:00,095:INFO: Waiting for lock /var/lock/v2v-destination-volume-lock... (workload_common:36)
2021-03-29 11:22:03,094:INFO: Detaching volumes from destination wrapper. (import_workload_transfer_volumes:518)
2021-03-29 11:22:05,684:DEBUG: Released lock:  (workload_common:60)
2021-03-29 11:22:05,684:INFO: Stopping export forwarding on source conversion host... (import_workload_transfer_volumes:378)
2021-03-29 11:22:05,684:DEBUG: (PID was 49543) (import_workload_transfer_volumes:379)
2021-03-29 11:22:05,685:INFO: Stopping forwarding from source conversion host... (import_workload_transfer_volumes:384)
2021-03-29 11:22:10,571:DEBUG: Stopped forwarding PID (58544).  (import_workload_transfer_volumes:392)
2021-03-29 11:22:10,572:INFO: Waiting for lock /var/lock/v2v-migration-lock... (workload_common:36)
2021-03-29 11:22:27,660:INFO: Currently used ports: [] (workload_common:239)
2021-03-29 11:22:27,661:INFO: Cleaning used ports: set() (workload_common:303)
2021-03-29 11:22:38,713:DEBUG: Released lock:  (workload_common:60)
2021-03-29 11:22:44,881:INFO: Stopping exports from source conversion host... (import_workload_src_cleanup:314)
2021-03-29 11:22:49,246:DEBUG: Unable to get remote NBD PID! Command '['ssh', '-o', 'BatchMode=yes', '-o', 'StrictHostKeyChecking=no', '-o', 'ConnectTimeout=10', '-i', '/root/os-migrate-data/conversion/ssh.key', 'centos@172.16.30.42', 'pgrep', '-f', "'d8dcf417-8246-4bf1-b78e-58fbd0fcfbfc'"]' returned non-zero exit status 1. (import_workload_src_cleanup:325)
2021-03-29 11:22:49,246:INFO: Waiting for lock /var/lock/v2v-migration-lock... (workload_common:36)
2021-03-29 11:23:03,892:INFO: Currently used ports: [] (workload_common:239)
2021-03-29 11:23:03,892:INFO: Cleaning used ports: set() (workload_common:303)
2021-03-29 11:23:13,469:DEBUG: Released lock:  (workload_common:60)
2021-03-29 11:23:13,469:INFO: Waiting for lock /var/lock/v2v-source-volume-lock... (workload_common:36)
2021-03-29 11:23:18,298:INFO: Detaching volumes from the source conversion host. (import_workload_src_cleanup:339)
2021-03-29 11:23:23,150:DEBUG: Released lock:  (workload_common:60)
2021-03-29 11:23:23,150:INFO: Re-attaching volumes to source VM... (import_workload_src_cleanup:362)
2021-03-29 11:23:28,189:INFO: Waiting for lock /var/lock/v2v-destination-volume-lock... (workload_common:36)
2021-03-29 11:23:34,099:INFO: Detaching volumes from the destination conversion host. (import_workload_dst_failure_cleanup:185)
2021-03-29 11:23:40,027:DEBUG: Released lock:  (workload_common:60)
2021-03-29 11:23:40,028:INFO: Deleting migrated volumes from destination. (import_workload_dst_failure_cleanup:211)
2021-03-29 11:27:12,412:INFO: Image-based instance, boot_disk_copy disabled: skipping boot volume (import_workload_export_volumes:397)
2021-03-29 11:27:12,412:INFO: Waiting for lock /var/lock/v2v-source-volume-lock... (workload_common:36)
2021-03-29 11:27:16,862:INFO: Attaching volumes to source wrapper (workload_common:143)
2021-03-29 11:27:21,851:DEBUG: Released lock:  (workload_common:60)
2021-03-29 11:27:21,852:INFO: Exporting volumes from source conversion host... (import_workload_export_volumes:433)
2021-03-29 11:27:26,904:DEBUG: SSH forwarding command: ssh -o BatchMode=yes -o StrictHostKeyChecking=no -o ConnectTimeout=10 centos@172.16.30.42 -N -T (import_workload_transfer_volumes:351)
2021-03-29 11:27:26,907:INFO: Waiting for valid qemu-img info on all exports... (import_workload_transfer_volumes:356)
2021-03-29 11:27:26,907:INFO: All volume exports ready. (import_workload_transfer_volumes:372)
2021-03-29 11:27:26,907:INFO: Creating volumes on destination cloud (import_workload_transfer_volumes:404)
2021-03-29 11:27:26,907:INFO: Waiting for lock /var/lock/v2v-destination-volume-lock... (workload_common:36)
2021-03-29 11:27:34,290:INFO: Attaching volumes to destination wrapper (workload_common:143)
2021-03-29 11:27:37,532:DEBUG: Released lock:  (workload_common:60)
2021-03-29 11:27:37,532:INFO: Converting volumes... (import_workload_transfer_volumes:436)
2021-03-29 11:27:37,532:INFO: Waiting for lock /var/lock/v2v-destination-volume-lock... (workload_common:36)
2021-03-29 11:27:40,188:INFO: Detaching volumes from destination wrapper. (import_workload_transfer_volumes:518)
2021-03-29 11:27:42,751:DEBUG: Released lock:  (workload_common:60)
2021-03-29 11:27:42,751:INFO: Stopping export forwarding on source conversion host... (import_workload_transfer_volumes:378)
2021-03-29 11:27:42,751:DEBUG: (PID was 49981) (import_workload_transfer_volumes:379)
2021-03-29 11:27:42,751:INFO: Stopping forwarding from source conversion host... (import_workload_transfer_volumes:384)
2021-03-29 11:27:47,836:DEBUG: Stopped forwarding PID (59071).  (import_workload_transfer_volumes:392)
2021-03-29 11:27:47,837:INFO: Waiting for lock /var/lock/v2v-migration-lock... (workload_common:36)
2021-03-29 11:28:05,938:INFO: Currently used ports: [] (workload_common:239)
2021-03-29 11:28:05,938:INFO: Cleaning used ports: set() (workload_common:303)
2021-03-29 11:28:17,168:DEBUG: Released lock:  (workload_common:60)
2021-03-29 11:28:22,857:INFO: Stopping exports from source conversion host... (import_workload_src_cleanup:314)
2021-03-29 11:28:27,342:DEBUG: Unable to get remote NBD PID! Command '['ssh', '-o', 'BatchMode=yes', '-o', 'StrictHostKeyChecking=no', '-o', 'ConnectTimeout=10', '-i', '/root/os-migrate-data/conversion/ssh.key', 'centos@172.16.30.42', 'pgrep', '-f', "'615c6996-ec3f-4850-89bc-64a5a176a564'"]' returned non-zero exit status 1. (import_workload_src_cleanup:325)
2021-03-29 11:28:27,343:INFO: Waiting for lock /var/lock/v2v-migration-lock... (workload_common:36)
2021-03-29 11:28:41,921:INFO: Currently used ports: [] (workload_common:239)
2021-03-29 11:28:41,921:INFO: Cleaning used ports: set() (workload_common:303)
2021-03-29 11:28:51,890:DEBUG: Released lock:  (workload_common:60)
2021-03-29 11:28:51,890:INFO: Waiting for lock /var/lock/v2v-source-volume-lock... (workload_common:36)
2021-03-29 11:28:56,711:INFO: Detaching volumes from the source conversion host. (import_workload_src_cleanup:339)
2021-03-29 11:29:01,714:DEBUG: Released lock:  (workload_common:60)
2021-03-29 11:29:01,715:INFO: Re-attaching volumes to source VM... (import_workload_src_cleanup:362)
2021-03-29 11:29:07,174:INFO: Waiting for lock /var/lock/v2v-destination-volume-lock... (workload_common:36)
2021-03-29 11:29:12,971:INFO: Detaching volumes from the destination conversion host. (import_workload_dst_failure_cleanup:185)
2021-03-29 11:29:18,472:DEBUG: Released lock:  (workload_common:60)
2021-03-29 11:29:18,473:INFO: Deleting migrated volumes from destination. (import_workload_dst_failure_cleanup:211)
2021-03-29 11:31:09,069:INFO: Image-based instance, boot_disk_copy disabled: skipping boot volume (import_workload_export_volumes:397)
2021-03-29 11:31:09,069:INFO: Waiting for lock /var/lock/v2v-source-volume-lock... (workload_common:36)
2021-03-29 11:31:13,600:INFO: Attaching volumes to source wrapper (workload_common:143)
2021-03-29 11:31:18,253:DEBUG: Released lock:  (workload_common:60)
2021-03-29 11:31:18,253:INFO: Exporting volumes from source conversion host... (import_workload_export_volumes:433)
2021-03-29 11:31:23,221:DEBUG: SSH forwarding command: ssh -o BatchMode=yes -o StrictHostKeyChecking=no -o ConnectTimeout=10 centos@172.16.30.42 -N -T (import_workload_transfer_volumes:351)
2021-03-29 11:31:23,223:INFO: Waiting for valid qemu-img info on all exports... (import_workload_transfer_volumes:356)
2021-03-29 11:31:23,223:INFO: All volume exports ready. (import_workload_transfer_volumes:372)
2021-03-29 11:31:23,223:INFO: Creating volumes on destination cloud (import_workload_transfer_volumes:404)
2021-03-29 11:31:23,224:INFO: Waiting for lock /var/lock/v2v-destination-volume-lock... (workload_common:36)
2021-03-29 11:31:31,721:INFO: Attaching volumes to destination wrapper (workload_common:143)
2021-03-29 11:31:34,892:DEBUG: Released lock:  (workload_common:60)
2021-03-29 11:31:34,892:INFO: Converting volumes... (import_workload_transfer_volumes:436)
2021-03-29 11:31:34,892:INFO: Waiting for lock /var/lock/v2v-destination-volume-lock... (workload_common:36)
2021-03-29 11:31:37,573:INFO: Detaching volumes from destination wrapper. (import_workload_transfer_volumes:518)
2021-03-29 11:31:40,235:DEBUG: Released lock:  (workload_common:60)
2021-03-29 11:31:40,235:INFO: Stopping export forwarding on source conversion host... (import_workload_transfer_volumes:378)
2021-03-29 11:31:40,235:DEBUG: (PID was 50347) (import_workload_transfer_volumes:379)
2021-03-29 11:31:40,236:INFO: Stopping forwarding from source conversion host... (import_workload_transfer_volumes:384)
2021-03-29 11:31:45,211:DEBUG: Stopped forwarding PID (59596).  (import_workload_transfer_volumes:392)
2021-03-29 11:31:45,211:INFO: Waiting for lock /var/lock/v2v-migration-lock... (workload_common:36)
2021-03-29 11:32:03,144:INFO: Currently used ports: [] (workload_common:239)
2021-03-29 11:32:03,144:INFO: Cleaning used ports: set() (workload_common:303)
2021-03-29 11:32:14,665:DEBUG: Released lock:  (workload_common:60)
2021-03-29 11:32:20,533:INFO: Stopping exports from source conversion host... (import_workload_src_cleanup:314)
2021-03-29 11:32:24,891:DEBUG: Unable to get remote NBD PID! Command '['ssh', '-o', 'BatchMode=yes', '-o', 'StrictHostKeyChecking=no', '-o', 'ConnectTimeout=10', '-i', '/root/os-migrate-data/conversion/ssh.key', 'centos@172.16.30.42', 'pgrep', '-f', "'d6812e04-9be0-4de9-96fe-721a2240d91c'"]' returned non-zero exit status 1. (import_workload_src_cleanup:325)
2021-03-29 11:32:24,891:INFO: Waiting for lock /var/lock/v2v-migration-lock... (workload_common:36)
2021-03-29 11:32:39,340:INFO: Currently used ports: [] (workload_common:239)
2021-03-29 11:32:39,340:INFO: Cleaning used ports: set() (workload_common:303)
2021-03-29 11:32:49,202:DEBUG: Released lock:  (workload_common:60)
2021-03-29 11:32:49,202:INFO: Waiting for lock /var/lock/v2v-source-volume-lock... (workload_common:36)
2021-03-29 11:32:54,076:INFO: Detaching volumes from the source conversion host. (import_workload_src_cleanup:339)
2021-03-29 11:32:58,992:DEBUG: Released lock:  (workload_common:60)
2021-03-29 11:32:58,993:INFO: Re-attaching volumes to source VM... (import_workload_src_cleanup:362)
2021-03-29 11:33:04,473:INFO: Waiting for lock /var/lock/v2v-destination-volume-lock... (workload_common:36)
2021-03-29 11:33:10,362:INFO: Detaching volumes from the destination conversion host. (import_workload_dst_failure_cleanup:185)
2021-03-29 11:33:15,443:DEBUG: Released lock:  (workload_common:60)
2021-03-29 11:33:15,443:INFO: Deleting migrated volumes from destination. (import_workload_dst_failure_cleanup:211)
2021-03-29 11:36:23,047:INFO: Image-based instance, boot_disk_copy disabled: skipping boot volume (import_workload_export_volumes:397)
2021-03-29 11:36:23,047:INFO: Waiting for lock /var/lock/v2v-source-volume-lock... (workload_common:36)
2021-03-29 11:36:27,678:INFO: Attaching volumes to source wrapper (workload_common:143)
2021-03-29 11:36:32,471:DEBUG: Released lock:  (workload_common:60)
2021-03-29 11:36:32,471:INFO: Exporting volumes from source conversion host... (import_workload_export_volumes:433)
2021-03-29 11:36:37,329:DEBUG: SSH forwarding command: ssh -o BatchMode=yes -o StrictHostKeyChecking=no -o ConnectTimeout=10 centos@172.16.30.42 -N -T (import_workload_transfer_volumes:351)
2021-03-29 11:36:37,331:INFO: Waiting for valid qemu-img info on all exports... (import_workload_transfer_volumes:356)
2021-03-29 11:36:37,331:INFO: All volume exports ready. (import_workload_transfer_volumes:372)
2021-03-29 11:36:37,331:INFO: Creating volumes on destination cloud (import_workload_transfer_volumes:404)
2021-03-29 11:36:37,331:INFO: Waiting for lock /var/lock/v2v-destination-volume-lock... (workload_common:36)
2021-03-29 11:36:45,438:INFO: Attaching volumes to destination wrapper (workload_common:143)
2021-03-29 11:36:48,313:DEBUG: Released lock:  (workload_common:60)
2021-03-29 11:36:48,313:INFO: Converting volumes... (import_workload_transfer_volumes:436)
2021-03-29 11:36:48,314:INFO: Waiting for lock /var/lock/v2v-destination-volume-lock... (workload_common:36)
2021-03-29 11:36:50,925:INFO: Detaching volumes from destination wrapper. (import_workload_transfer_volumes:518)
2021-03-29 11:36:53,579:DEBUG: Released lock:  (workload_common:60)
2021-03-29 11:36:53,579:INFO: Stopping export forwarding on source conversion host... (import_workload_transfer_volumes:378)
2021-03-29 11:36:53,579:DEBUG: (PID was 50714) (import_workload_transfer_volumes:379)
2021-03-29 11:36:53,579:INFO: Stopping forwarding from source conversion host... (import_workload_transfer_volumes:384)
2021-03-29 11:36:58,615:DEBUG: Stopped forwarding PID (60119).  (import_workload_transfer_volumes:392)
2021-03-29 11:36:58,615:INFO: Waiting for lock /var/lock/v2v-migration-lock... (workload_common:36)
2021-03-29 11:37:16,232:INFO: Currently used ports: [] (workload_common:239)
2021-03-29 11:37:16,232:INFO: Cleaning used ports: set() (workload_common:303)
2021-03-29 11:37:27,767:DEBUG: Released lock:  (workload_common:60)
2021-03-29 11:37:33,622:INFO: Stopping exports from source conversion host... (import_workload_src_cleanup:314)
2021-03-29 11:37:38,147:DEBUG: Unable to get remote NBD PID! Command '['ssh', '-o', 'BatchMode=yes', '-o', 'StrictHostKeyChecking=no', '-o', 'ConnectTimeout=10', '-i', '/root/os-migrate-data/conversion/ssh.key', 'centos@172.16.30.42', 'pgrep', '-f', "'d61f626c-dd1c-4844-9c21-bbb73d6e34f4'"]' returned non-zero exit status 1. (import_workload_src_cleanup:325)
2021-03-29 11:37:38,148:INFO: Waiting for lock /var/lock/v2v-migration-lock... (workload_common:36)
2021-03-29 11:37:53,265:INFO: Currently used ports: [] (workload_common:239)
2021-03-29 11:37:53,265:INFO: Cleaning used ports: set() (workload_common:303)
2021-03-29 11:38:03,241:DEBUG: Released lock:  (workload_common:60)
2021-03-29 11:38:03,241:INFO: Waiting for lock /var/lock/v2v-source-volume-lock... (workload_common:36)
2021-03-29 11:38:08,143:INFO: Detaching volumes from the source conversion host. (import_workload_src_cleanup:339)
2021-03-29 11:38:13,267:DEBUG: Released lock:  (workload_common:60)
2021-03-29 11:38:13,268:INFO: Re-attaching volumes to source VM... (import_workload_src_cleanup:362)
2021-03-29 11:38:19,181:INFO: Waiting for lock /var/lock/v2v-destination-volume-lock... (workload_common:36)
2021-03-29 11:38:25,164:INFO: Detaching volumes from the destination conversion host. (import_workload_dst_failure_cleanup:185)
2021-03-29 11:38:30,653:DEBUG: Released lock:  (workload_common:60)
2021-03-29 11:38:30,653:INFO: Deleting migrated volumes from destination. (import_workload_dst_failure_cleanup:211)
2021-03-29 11:50:30,748:INFO: Image-based instance, boot_disk_copy disabled: skipping boot volume (import_workload_export_volumes:397)
2021-03-29 11:50:30,748:INFO: Waiting for lock /var/lock/v2v-source-volume-lock... (workload_common:36)
2021-03-29 11:50:35,333:INFO: Attaching volumes to source wrapper (workload_common:143)
2021-03-29 11:50:40,246:DEBUG: Released lock:  (workload_common:60)
2021-03-29 11:50:40,246:INFO: Exporting volumes from source conversion host... (import_workload_export_volumes:433)
2021-03-29 11:50:45,697:DEBUG: SSH forwarding command: ssh -o BatchMode=yes -o StrictHostKeyChecking=no -o ConnectTimeout=10 centos@172.16.30.42 -N -T (import_workload_transfer_volumes:351)
2021-03-29 11:50:45,699:INFO: Waiting for valid qemu-img info on all exports... (import_workload_transfer_volumes:356)
2021-03-29 11:50:45,699:INFO: All volume exports ready. (import_workload_transfer_volumes:372)
2021-03-29 11:50:45,699:INFO: Creating volumes on destination cloud (import_workload_transfer_volumes:404)
2021-03-29 11:50:45,699:INFO: Waiting for lock /var/lock/v2v-destination-volume-lock... (workload_common:36)
2021-03-29 11:50:53,493:INFO: Attaching volumes to destination wrapper (workload_common:143)
2021-03-29 11:50:58,093:DEBUG: Released lock:  (workload_common:60)
2021-03-29 11:50:58,093:INFO: Converting volumes... (import_workload_transfer_volumes:436)
2021-03-29 11:50:58,093:INFO: Waiting for lock /var/lock/v2v-destination-volume-lock... (workload_common:36)
2021-03-29 11:51:00,769:INFO: Detaching volumes from destination wrapper. (import_workload_transfer_volumes:518)
2021-03-29 11:51:03,241:DEBUG: Released lock:  (workload_common:60)
2021-03-29 11:51:03,241:INFO: Stopping export forwarding on source conversion host... (import_workload_transfer_volumes:378)
2021-03-29 11:51:03,241:DEBUG: (PID was 51130) (import_workload_transfer_volumes:379)
2021-03-29 11:51:03,242:INFO: Stopping forwarding from source conversion host... (import_workload_transfer_volumes:384)
2021-03-29 11:51:08,209:DEBUG: Stopped forwarding PID (60657).  (import_workload_transfer_volumes:392)
2021-03-29 11:51:08,209:INFO: Waiting for lock /var/lock/v2v-migration-lock... (workload_common:36)
2021-03-29 11:51:26,205:INFO: Currently used ports: [] (workload_common:239)
2021-03-29 11:51:26,206:INFO: Cleaning used ports: set() (workload_common:303)
2021-03-29 11:51:37,938:DEBUG: Released lock:  (workload_common:60)
2021-03-29 11:51:44,056:INFO: Stopping exports from source conversion host... (import_workload_src_cleanup:314)
2021-03-29 11:51:48,482:DEBUG: Unable to get remote NBD PID! Command '['ssh', '-o', 'BatchMode=yes', '-o', 'StrictHostKeyChecking=no', '-o', 'ConnectTimeout=10', '-i', '/root/os-migrate-data/conversion/ssh.key', 'centos@172.16.30.42', 'pgrep', '-f', "'5cd5974e-197b-475b-a61d-23a75d28ab29'"]' returned non-zero exit status 1. (import_workload_src_cleanup:325)
2021-03-29 11:51:48,483:INFO: Waiting for lock /var/lock/v2v-migration-lock... (workload_common:36)
2021-03-29 11:52:03,108:INFO: Currently used ports: [] (workload_common:239)
2021-03-29 11:52:03,108:INFO: Cleaning used ports: set() (workload_common:303)
2021-03-29 11:52:12,788:DEBUG: Released lock:  (workload_common:60)
2021-03-29 11:52:12,789:INFO: Waiting for lock /var/lock/v2v-source-volume-lock... (workload_common:36)
2021-03-29 11:52:17,923:INFO: Detaching volumes from the source conversion host. (import_workload_src_cleanup:339)
2021-03-29 11:52:22,581:DEBUG: Released lock:  (workload_common:60)
2021-03-29 11:52:22,581:INFO: Re-attaching volumes to source VM... (import_workload_src_cleanup:362)
2021-03-29 11:52:27,652:INFO: Waiting for lock /var/lock/v2v-destination-volume-lock... (workload_common:36)
2021-03-29 11:52:33,616:INFO: Detaching volumes from the destination conversion host. (import_workload_dst_failure_cleanup:185)
2021-03-29 11:52:38,873:DEBUG: Released lock:  (workload_common:60)
2021-03-29 11:52:38,873:INFO: Deleting migrated volumes from destination. (import_workload_dst_failure_cleanup:211)
2021-03-29 11:53:37,475:INFO: Image-based instance, boot_disk_copy disabled: skipping boot volume (import_workload_export_volumes:397)
2021-03-29 11:53:37,475:INFO: Waiting for lock /var/lock/v2v-source-volume-lock... (workload_common:36)
2021-03-29 11:53:41,887:INFO: Attaching volumes to source wrapper (workload_common:143)
2021-03-29 11:53:46,580:DEBUG: Released lock:  (workload_common:60)
2021-03-29 11:53:46,581:INFO: Exporting volumes from source conversion host... (import_workload_export_volumes:433)
2021-03-29 11:53:51,382:DEBUG: SSH forwarding command: ssh -o BatchMode=yes -o StrictHostKeyChecking=no -o ConnectTimeout=10 centos@172.16.30.42 -N -T (import_workload_transfer_volumes:351)
2021-03-29 11:53:51,384:INFO: Waiting for valid qemu-img info on all exports... (import_workload_transfer_volumes:356)
2021-03-29 11:53:51,384:INFO: All volume exports ready. (import_workload_transfer_volumes:372)
2021-03-29 11:53:51,385:INFO: Creating volumes on destination cloud (import_workload_transfer_volumes:404)
2021-03-29 11:53:51,385:INFO: Waiting for lock /var/lock/v2v-destination-volume-lock... (workload_common:36)
2021-03-29 11:53:59,434:INFO: Attaching volumes to destination wrapper (workload_common:143)
2021-03-29 11:54:02,724:DEBUG: Released lock:  (workload_common:60)
2021-03-29 11:54:02,724:INFO: Converting volumes... (import_workload_transfer_volumes:436)
2021-03-29 11:54:02,724:INFO: Waiting for lock /var/lock/v2v-destination-volume-lock... (workload_common:36)
2021-03-29 11:54:05,386:INFO: Detaching volumes from destination wrapper. (import_workload_transfer_volumes:518)
2021-03-29 11:54:08,042:DEBUG: Released lock:  (workload_common:60)
2021-03-29 11:54:08,042:INFO: Stopping export forwarding on source conversion host... (import_workload_transfer_volumes:378)
2021-03-29 11:54:08,042:DEBUG: (PID was 51497) (import_workload_transfer_volumes:379)
2021-03-29 11:54:08,042:INFO: Stopping forwarding from source conversion host... (import_workload_transfer_volumes:384)
2021-03-29 11:54:12,907:DEBUG: Stopped forwarding PID (61184).  (import_workload_transfer_volumes:392)
2021-03-29 11:54:12,907:INFO: Waiting for lock /var/lock/v2v-migration-lock... (workload_common:36)
2021-03-29 11:54:31,076:INFO: Currently used ports: [] (workload_common:239)
2021-03-29 11:54:31,076:INFO: Cleaning used ports: set() (workload_common:303)
2021-03-29 11:54:43,019:DEBUG: Released lock:  (workload_common:60)
2021-03-29 11:54:57,638:INFO: Stopping exports from source conversion host... (import_workload_src_cleanup:314)
2021-03-29 11:55:02,389:DEBUG: Unable to get remote NBD PID! Command '['ssh', '-o', 'BatchMode=yes', '-o', 'StrictHostKeyChecking=no', '-o', 'ConnectTimeout=10', '-i', '/root/os-migrate-data/conversion/ssh.key', 'centos@172.16.30.42', 'pgrep', '-f', "'96559965-db63-4923-a619-eb6cc79cfc12'"]' returned non-zero exit status 1. (import_workload_src_cleanup:325)
2021-03-29 11:55:02,389:INFO: Waiting for lock /var/lock/v2v-migration-lock... (workload_common:36)
2021-03-29 11:55:16,486:INFO: Currently used ports: [] (workload_common:239)
2021-03-29 11:55:16,487:INFO: Cleaning used ports: set() (workload_common:303)
2021-03-29 11:55:26,159:DEBUG: Released lock:  (workload_common:60)
2021-03-29 11:55:26,159:INFO: Waiting for lock /var/lock/v2v-source-volume-lock... (workload_common:36)
2021-03-29 11:55:31,254:INFO: Detaching volumes from the source conversion host. (import_workload_src_cleanup:339)
2021-03-29 11:55:36,096:DEBUG: Released lock:  (workload_common:60)
2021-03-29 11:55:36,096:INFO: Re-attaching volumes to source VM... (import_workload_src_cleanup:362)
