2021-03-29 12:03:23,989:INFO: Inspecting volume: d51c8f79-126d-4846-8e3b-213f00cbfb6a (import_workload_export_volumes:333)
2021-03-29 12:03:23,989:INFO: Transfer progress for /dev/vda: 0.0% (workload_common:125)
2021-03-29 12:03:24,093:INFO: Boot-from-volume instance, creating boot volume snapshot (import_workload_export_volumes:360)
2021-03-29 12:03:26,489:INFO: Creating new volume from boot volume snapshot (import_workload_export_volumes:367)
2021-03-29 12:03:33,247:INFO: Waiting for lock /var/lock/v2v-source-volume-lock... (workload_common:36)
2021-03-29 12:03:37,054:INFO: Attaching volumes to source wrapper (workload_common:143)
2021-03-29 12:03:37,114:INFO: Attaching bcf689ad-a53d-4e60-b990-cab638924414 to source conversion host (workload_common:148)
2021-03-29 12:03:41,491:DEBUG: Initial disk list: {'/dev/vda'} (workload_common:153)
2021-03-29 12:03:46,397:INFO: Waiting for volume to appear in source wrapper (workload_common:157)
2021-03-29 12:03:49,849:DEBUG: Updated disk list: {'/dev/vdb', '/dev/vda'} (workload_common:164)
2021-03-29 12:03:50,007:DEBUG: Successfully attached new disk /dev/vdb, and source conversion host path matches OpenStack. (workload_common:174)
2021-03-29 12:03:54,850:DEBUG: Released lock:  (workload_common:60)
2021-03-29 12:03:54,850:INFO: Exporting volumes from source conversion host... (import_workload_export_volumes:433)
2021-03-29 12:03:54,850:INFO: Waiting for lock /var/lock/v2v-migration-lock... (workload_common:36)
2021-03-29 12:04:09,453:INFO: Currently used ports: [] (workload_common:239)
2021-03-29 12:04:20,169:INFO: Allocated port 49152, all used: {49152} (workload_common:288)
2021-03-29 12:04:25,248:DEBUG: Released lock:  (workload_common:60)
2021-03-29 12:04:25,248:INFO: Exporting /dev/vdb from volume bcf689ad-a53d-4e60-b990-cab638924414 (import_workload_export_volumes:438)
2021-03-29 12:04:38,339:INFO: Using nbdkit for export command: ['sudo', 'nbdkit', '--exportname', '786336f5-e040-4f9c-b615-ea3b66dbe4f2', '--ipaddr', '127.0.0.1', '--port', '49152', 'file', 'file=/dev/vdb'] (import_workload_export_volumes:455)
2021-03-29 12:04:38,339:INFO: Exporting /dev/vdb over NBD, port 49152 (import_workload_export_volumes:464)
2021-03-29 12:04:43,202:INFO: Waiting for valid qemu-img info on all exports... (import_workload_export_volumes:470)
2021-03-29 12:04:45,342:INFO: qemu-img info for /dev/vdb: image: nbd://localhost:49152/786336f5-e040-4f9c-b615-ea3b66dbe4f2
file format: raw
virtual size: 1 GiB (1073741824 bytes)
disk size: unavailable (import_workload_export_volumes:476)
2021-03-29 12:04:45,342:INFO: All volume exports ready. (import_workload_export_volumes:482)
2021-03-29 12:04:45,342:INFO: Volume map so far: {'/dev/vda': {'source_dev': '/dev/vdb', 'source_id': 'bcf689ad-a53d-4e60-b990-cab638924414', 'dest_dev': None, 'dest_id': None, 'snap_id': '924eaeb4-958e-4473-8a43-2ccb11574e22', 'image_id': None, 'name': 'boot-vol-cirros', 'size': 1, 'port': 49152, 'url': None, 'progress': 0.0, 'bootable': True, 'description': None}} (import_workload_export_volumes:488)
2021-03-29 12:04:50,748:INFO: Waiting for lock /var/lock/v2v-migration-lock... (workload_common:36)
2021-03-29 12:05:08,239:INFO: Currently used ports: [] (workload_common:239)
2021-03-29 12:05:19,666:INFO: Allocated port 49152, all used: {49152} (workload_common:288)
2021-03-29 12:05:25,092:DEBUG: Released lock:  (workload_common:60)
2021-03-29 12:05:25,092:DEBUG: SSH forwarding command: ssh -o BatchMode=yes -o StrictHostKeyChecking=no -o ConnectTimeout=10 centos@172.16.30.42 -N -T -L 49152:localhost:49152 (import_workload_transfer_volumes:351)
2021-03-29 12:05:25,093:INFO: Waiting for valid qemu-img info on all exports... (import_workload_transfer_volumes:356)
2021-03-29 12:05:32,257:INFO: Got exception: Command '['ssh', '-o', 'BatchMode=yes', '-o', 'StrictHostKeyChecking=no', '-o', 'ConnectTimeout=10', '-i', '/root/os-migrate-data/conversion/ssh.key', 'centos@172.16.31.28', 'qemu-img', 'info', 'nbd://localhost:49152/786336f5-e040-4f9c-b615-ea3b66dbe4f2']' returned non-zero exit status 1. (import_workload_transfer_volumes:368)
2021-03-29 12:05:32,258:INFO: Trying again. (import_workload_transfer_volumes:369)
2021-03-29 12:05:36,707:INFO: qemu-img info for /dev/vda: image: nbd://localhost:49152/786336f5-e040-4f9c-b615-ea3b66dbe4f2
file format: raw
virtual size: 1 GiB (1073741824 bytes)
disk size: unavailable (import_workload_transfer_volumes:365)
2021-03-29 12:05:36,707:INFO: All volume exports ready. (import_workload_transfer_volumes:372)
2021-03-29 12:05:36,707:INFO: Creating volumes on destination cloud (import_workload_transfer_volumes:404)
2021-03-29 12:05:40,222:INFO: Waiting for lock /var/lock/v2v-destination-volume-lock... (workload_common:36)
2021-03-29 12:05:42,567:INFO: Attaching volumes to destination wrapper (workload_common:143)
2021-03-29 12:05:42,616:INFO: Attaching 3a978979-3099-4a3e-976c-be04a22993d5 to destination conversion host (workload_common:148)
2021-03-29 12:05:44,742:DEBUG: Initial disk list: {'/dev/vda'} (workload_common:153)
2021-03-29 12:05:52,539:INFO: Waiting for volume to appear in destination wrapper (workload_common:157)
2021-03-29 12:05:54,552:DEBUG: Updated disk list: {'/dev/vda', '/dev/vdb'} (workload_common:164)
2021-03-29 12:05:54,783:DEBUG: Successfully attached new disk /dev/vdb, and destination conversion host path matches OpenStack. (workload_common:174)
2021-03-29 12:05:56,976:DEBUG: Released lock:  (workload_common:60)
2021-03-29 12:05:56,976:INFO: Converting volumes... (import_workload_transfer_volumes:436)
2021-03-29 12:05:56,976:INFO: Converting source VM's /dev/vda: {'source_dev': '/dev/vdb', 'source_id': 'bcf689ad-a53d-4e60-b990-cab638924414', 'dest_dev': '/dev/vdb', 'dest_id': '3a978979-3099-4a3e-976c-be04a22993d5', 'snap_id': '924eaeb4-958e-4473-8a43-2ccb11574e22', 'image_id': None, 'name': 'boot-vol-cirros', 'size': 1, 'port': 49152, 'url': 'nbd://localhost:49152/786336f5-e040-4f9c-b615-ea3b66dbe4f2', 'progress': 0.0, 'bootable': True, 'description': None} (import_workload_transfer_volumes:438)
2021-03-29 12:05:56,976:INFO: Attempting initial sparsify... (import_workload_transfer_volumes:487)
2021-03-29 12:06:00,024:INFO: Overlay output: Formatting '/tmp/vdb-786336f5-e040-4f9c-b615-ea3b66dbe4f2.qcow2', fmt=qcow2 size=1073741824 backing_file=nbd://localhost:49152/786336f5-e040-4f9c-b615-ea3b66dbe4f2 backing_fmt=raw cluster_size=65536 lazy_refcounts=off refcount_bits=16 (import_workload_transfer_volumes:494)
virt-sparsify: error: libguestfs error: could not create appliance through 
libvirt.

Try running qemu directly without libvirt using this environment variable:
export LIBGUESTFS_BACKEND=direct

Original error from libvirt: internal error: process exited while 
connecting to monitor: 2021-03-29T12:07:19.067659Z qemu-kvm: cannot set up 
guest memory 'pc.ram': Cannot allocate memory [code=1 int1=-1]

If reporting bugs, run virt-sparsify with debugging enabled and include the 
complete output:

  virt-sparsify -v -x [...]
2021-03-29 12:07:20,391:INFO: Sparsify return code: 1 (import_workload_transfer_volumes:505)
2021-03-29 12:07:20,391:INFO: Sparsify failed, converting whole device... (import_workload_transfer_volumes:511)
2021-03-29 12:07:23,112:INFO: Copying volume data... (import_workload_transfer_volumes:444)
2021-03-29 12:07:26,117:INFO: Transfer progress for /dev/vda: 0.0% (workload_common:125)
2021-03-29 12:07:27,119:INFO: Transfer progress for /dev/vda: 1.17% (workload_common:125)
2021-03-29 12:07:30,122:INFO: Transfer progress for /dev/vda: 2.34% (workload_common:125)
2021-03-29 12:07:31,123:INFO: Transfer progress for /dev/vda: 3.52% (workload_common:125)
2021-03-29 12:07:34,127:INFO: Transfer progress for /dev/vda: 4.69% (workload_common:125)
2021-03-29 12:07:36,129:INFO: Transfer progress for /dev/vda: 5.86% (workload_common:125)
2021-03-29 12:07:38,131:INFO: Transfer progress for /dev/vda: 7.03% (workload_common:125)
2021-03-29 12:07:40,133:INFO: Transfer progress for /dev/vda: 8.2% (workload_common:125)
2021-03-29 12:07:42,135:INFO: Transfer progress for /dev/vda: 9.38% (workload_common:125)
2021-03-29 12:07:44,137:INFO: Transfer progress for /dev/vda: 10.55% (workload_common:125)
2021-03-29 12:07:46,140:INFO: Transfer progress for /dev/vda: 11.72% (workload_common:125)
2021-03-29 12:07:48,142:INFO: Transfer progress for /dev/vda: 12.89% (workload_common:125)
2021-03-29 12:07:51,145:INFO: Transfer progress for /dev/vda: 14.06% (workload_common:125)
2021-03-29 12:07:53,148:INFO: Transfer progress for /dev/vda: 15.23% (workload_common:125)
2021-03-29 12:07:55,150:INFO: Transfer progress for /dev/vda: 16.41% (workload_common:125)
2021-03-29 12:07:58,153:INFO: Transfer progress for /dev/vda: 17.58% (workload_common:125)
2021-03-29 12:08:00,156:INFO: Transfer progress for /dev/vda: 18.75% (workload_common:125)
2021-03-29 12:08:02,158:INFO: Transfer progress for /dev/vda: 19.92% (workload_common:125)
2021-03-29 12:08:04,161:INFO: Transfer progress for /dev/vda: 21.09% (workload_common:125)
2021-03-29 12:08:06,163:INFO: Transfer progress for /dev/vda: 22.27% (workload_common:125)
2021-03-29 12:08:08,165:INFO: Transfer progress for /dev/vda: 23.44% (workload_common:125)
2021-03-29 12:08:10,167:INFO: Transfer progress for /dev/vda: 24.61% (workload_common:125)
2021-03-29 12:08:12,169:INFO: Transfer progress for /dev/vda: 25.78% (workload_common:125)
2021-03-29 12:08:14,172:INFO: Transfer progress for /dev/vda: 26.95% (workload_common:125)
2021-03-29 12:08:16,173:INFO: Transfer progress for /dev/vda: 28.12% (workload_common:125)
2021-03-29 12:08:18,175:INFO: Transfer progress for /dev/vda: 29.3% (workload_common:125)
2021-03-29 12:08:20,177:INFO: Transfer progress for /dev/vda: 30.47% (workload_common:125)
2021-03-29 12:08:22,179:INFO: Transfer progress for /dev/vda: 31.64% (workload_common:125)
2021-03-29 12:08:25,180:INFO: Transfer progress for /dev/vda: 32.81% (workload_common:125)
2021-03-29 12:08:27,183:INFO: Transfer progress for /dev/vda: 33.98% (workload_common:125)
2021-03-29 12:08:29,185:INFO: Transfer progress for /dev/vda: 35.16% (workload_common:125)
2021-03-29 12:08:32,187:INFO: Transfer progress for /dev/vda: 36.33% (workload_common:125)
2021-03-29 12:08:34,189:INFO: Transfer progress for /dev/vda: 37.5% (workload_common:125)
2021-03-29 12:08:36,191:INFO: Transfer progress for /dev/vda: 38.67% (workload_common:125)
2021-03-29 12:08:38,193:INFO: Transfer progress for /dev/vda: 39.84% (workload_common:125)
2021-03-29 12:08:40,195:INFO: Transfer progress for /dev/vda: 41.02% (workload_common:125)
2021-03-29 12:08:42,197:INFO: Transfer progress for /dev/vda: 42.19% (workload_common:125)
2021-03-29 12:08:44,198:INFO: Transfer progress for /dev/vda: 43.36% (workload_common:125)
2021-03-29 12:08:46,200:INFO: Transfer progress for /dev/vda: 44.53% (workload_common:125)
2021-03-29 12:08:50,204:INFO: Transfer progress for /dev/vda: 45.7% (workload_common:125)
2021-03-29 12:08:51,205:INFO: Transfer progress for /dev/vda: 46.88% (workload_common:125)
2021-03-29 12:08:53,207:INFO: Transfer progress for /dev/vda: 48.05% (workload_common:125)
2021-03-29 12:08:55,209:INFO: Transfer progress for /dev/vda: 49.22% (workload_common:125)
2021-03-29 12:08:57,212:INFO: Transfer progress for /dev/vda: 50.39% (workload_common:125)
2021-03-29 12:09:00,214:INFO: Transfer progress for /dev/vda: 51.56% (workload_common:125)
2021-03-29 12:09:01,216:INFO: Transfer progress for /dev/vda: 52.73% (workload_common:125)
2021-03-29 12:09:04,219:INFO: Transfer progress for /dev/vda: 53.91% (workload_common:125)
2021-03-29 12:09:06,221:INFO: Transfer progress for /dev/vda: 55.08% (workload_common:125)
2021-03-29 12:09:08,223:INFO: Transfer progress for /dev/vda: 56.25% (workload_common:125)
2021-03-29 12:09:10,225:INFO: Transfer progress for /dev/vda: 57.42% (workload_common:125)
2021-03-29 12:09:12,227:INFO: Transfer progress for /dev/vda: 58.59% (workload_common:125)
2021-03-29 12:09:14,230:INFO: Transfer progress for /dev/vda: 59.77% (workload_common:125)
2021-03-29 12:09:16,232:INFO: Transfer progress for /dev/vda: 60.94% (workload_common:125)
2021-03-29 12:09:19,235:INFO: Transfer progress for /dev/vda: 62.11% (workload_common:125)
2021-03-29 12:09:20,236:INFO: Transfer progress for /dev/vda: 63.28% (workload_common:125)
2021-03-29 12:09:24,240:INFO: Transfer progress for /dev/vda: 64.45% (workload_common:125)
2021-03-29 12:09:26,243:INFO: Transfer progress for /dev/vda: 65.62% (workload_common:125)
2021-03-29 12:09:29,245:INFO: Transfer progress for /dev/vda: 66.8% (workload_common:125)
2021-03-29 12:09:30,247:INFO: Transfer progress for /dev/vda: 67.97% (workload_common:125)
2021-03-29 12:09:32,249:INFO: Transfer progress for /dev/vda: 69.14% (workload_common:125)
2021-03-29 12:09:34,251:INFO: Transfer progress for /dev/vda: 70.31% (workload_common:125)
2021-03-29 12:09:37,254:INFO: Transfer progress for /dev/vda: 71.48% (workload_common:125)
2021-03-29 12:09:39,257:INFO: Transfer progress for /dev/vda: 72.66% (workload_common:125)
2021-03-29 12:09:41,259:INFO: Transfer progress for /dev/vda: 73.83% (workload_common:125)
2021-03-29 12:09:44,262:INFO: Transfer progress for /dev/vda: 75.0% (workload_common:125)
2021-03-29 12:09:46,265:INFO: Transfer progress for /dev/vda: 76.17% (workload_common:125)
2021-03-29 12:09:49,267:INFO: Transfer progress for /dev/vda: 77.34% (workload_common:125)
2021-03-29 12:09:50,268:INFO: Transfer progress for /dev/vda: 78.52% (workload_common:125)
2021-03-29 12:09:52,271:INFO: Transfer progress for /dev/vda: 79.69% (workload_common:125)
2021-03-29 12:09:55,274:INFO: Transfer progress for /dev/vda: 80.86% (workload_common:125)
2021-03-29 12:09:57,276:INFO: Transfer progress for /dev/vda: 82.03% (workload_common:125)
2021-03-29 12:09:59,279:INFO: Transfer progress for /dev/vda: 83.2% (workload_common:125)
2021-03-29 12:10:02,281:INFO: Transfer progress for /dev/vda: 84.38% (workload_common:125)
2021-03-29 12:10:04,283:INFO: Transfer progress for /dev/vda: 85.55% (workload_common:125)
2021-03-29 12:10:07,285:INFO: Transfer progress for /dev/vda: 86.72% (workload_common:125)
2021-03-29 12:10:09,288:INFO: Transfer progress for /dev/vda: 87.89% (workload_common:125)
2021-03-29 12:10:10,289:INFO: Transfer progress for /dev/vda: 89.06% (workload_common:125)
2021-03-29 12:10:13,292:INFO: Transfer progress for /dev/vda: 90.23% (workload_common:125)
2021-03-29 12:10:15,295:INFO: Transfer progress for /dev/vda: 91.41% (workload_common:125)
2021-03-29 12:10:17,296:INFO: Transfer progress for /dev/vda: 92.58% (workload_common:125)
2021-03-29 12:10:19,299:INFO: Transfer progress for /dev/vda: 93.75% (workload_common:125)
2021-03-29 12:10:21,301:INFO: Transfer progress for /dev/vda: 94.92% (workload_common:125)
2021-03-29 12:10:24,305:INFO: Transfer progress for /dev/vda: 96.09% (workload_common:125)
2021-03-29 12:10:25,306:INFO: Transfer progress for /dev/vda: 97.27% (workload_common:125)
2021-03-29 12:10:27,309:INFO: Transfer progress for /dev/vda: 98.44% (workload_common:125)
2021-03-29 12:10:30,312:INFO: Transfer progress for /dev/vda: 99.61% (workload_common:125)
2021-03-29 12:10:31,313:INFO: Transfer progress for /dev/vda: 100.0% (workload_common:125)
2021-03-29 12:10:33,315:INFO: Transfer progress for /dev/vda: 100.0% (workload_common:125)
2021-03-29 12:10:34,317:INFO: Conversion return code: 0 (import_workload_transfer_volumes:476)
2021-03-29 12:10:34,317:INFO: Transfer progress for /dev/vda: 100.0% (workload_common:125)
2021-03-29 12:10:34,317:INFO: Waiting for lock /var/lock/v2v-destination-volume-lock... (workload_common:36)
2021-03-29 12:10:38,637:INFO: Detaching volumes from destination wrapper. (import_workload_transfer_volumes:518)
2021-03-29 12:10:47,568:DEBUG: Released lock:  (workload_common:60)
2021-03-29 12:10:47,568:INFO: Stopping export forwarding on source conversion host... (import_workload_transfer_volumes:378)
2021-03-29 12:10:47,568:DEBUG: (PID was 52208) (import_workload_transfer_volumes:379)
2021-03-29 12:10:47,569:INFO: Stopping forwarding from source conversion host... (import_workload_transfer_volumes:384)
2021-03-29 12:10:52,955:DEBUG: Stopped forwarding PID (61847).  (import_workload_transfer_volumes:392)
2021-03-29 12:10:52,955:INFO: Waiting for lock /var/lock/v2v-migration-lock... (workload_common:36)
2021-03-29 12:11:10,110:INFO: Currently used ports: [49152] (workload_common:239)
2021-03-29 12:11:10,111:INFO: Cleaning used ports: set() (workload_common:303)
2021-03-29 12:11:21,870:DEBUG: Released lock:  (workload_common:60)
2021-03-29 12:11:36,289:INFO: Stopping exports from source conversion host... (import_workload_src_cleanup:314)
2021-03-29 12:11:38,043:DEBUG: Stopping NBD export PIDs (['62224']) (import_workload_src_cleanup:319)
2021-03-29 12:11:40,781:INFO: Waiting for lock /var/lock/v2v-migration-lock... (workload_common:36)
2021-03-29 12:11:55,753:INFO: Currently used ports: [49152] (workload_common:239)
2021-03-29 12:11:55,753:INFO: Cleaning used ports: set() (workload_common:303)
2021-03-29 12:12:05,107:DEBUG: Released lock:  (workload_common:60)
2021-03-29 12:12:05,107:INFO: Waiting for lock /var/lock/v2v-source-volume-lock... (workload_common:36)
2021-03-29 12:12:09,915:INFO: Detaching volumes from the source conversion host. (import_workload_src_cleanup:339)
2021-03-29 12:12:10,077:INFO: Inspecting volume bcf689ad-a53d-4e60-b990-cab638924414 (import_workload_src_cleanup:343)
2021-03-29 12:12:18,123:DEBUG: Released lock:  (workload_common:60)
2021-03-29 12:12:18,123:INFO: Re-attaching volumes to source VM... (import_workload_src_cleanup:362)
2021-03-29 12:12:18,123:INFO: Removing copy of root volume (import_workload_src_cleanup:366)
2021-03-29 12:12:20,430:INFO: Deleting temporary root device snapshot (import_workload_src_cleanup:372)
